{
  "RSpec": {
    "coverage": {
      "/Users/emilio/projects/personal_projects/babylon/spec/checkout_spec.rb": [
        1,
        1,
        12,
        null,
        12,
        null,
        null,
        null,
        null,
        null,
        null,
        null,
        null,
        10,
        10,
        3,
        null,
        null,
        1,
        1,
        1,
        null,
        null,
        1,
        1,
        null,
        null,
        null,
        1,
        1,
        1,
        1,
        1,
        null,
        null,
        null,
        1,
        1,
        1,
        1,
        1,
        null,
        null,
        null,
        1,
        1,
        1,
        3,
        1,
        1,
        4,
        null,
        null,
        null,
        1,
        1,
        1,
        1,
        4,
        null,
        null,
        null,
        null,
        1,
        1,
        1,
        1,
        1,
        1,
        1,
        null,
        null,
        null,
        1,
        1,
        1,
        1,
        1,
        null,
        null,
        null,
        null,
        1,
        1,
        3,
        null,
        1,
        1,
        1,
        null,
        null,
        null,
        1,
        1,
        2,
        2,
        null,
        1,
        1,
        1,
        1,
        null,
        null,
        null,
        1,
        1,
        1,
        null,
        null,
        null,
        null
      ],
      "/Users/emilio/projects/personal_projects/babylon/lib/checkout.rb": [
        1,
        null,
        1,
        null,
        1,
        11,
        11,
        null,
        null,
        1,
        22,
        null,
        null,
        1,
        3,
        null,
        null,
        1,
        12,
        12,
        12,
        32,
        6,
        null,
        null,
        12,
        null,
        null,
        1,
        4,
        null,
        null,
        null,
        1,
        9,
        33,
        null,
        null,
        1,
        2,
        null,
        null,
        1,
        null,
        1,
        15,
        56,
        15,
        null,
        null,
        1,
        4,
        null,
        null
      ],
      "/Users/emilio/projects/personal_projects/babylon/spec/promotion_spec.rb": [
        1,
        null,
        1,
        5,
        null,
        1,
        1,
        1,
        null,
        null,
        1,
        1,
        null,
        null,
        1,
        1,
        null,
        null,
        1,
        1,
        null,
        null,
        null
      ],
      "/Users/emilio/projects/personal_projects/babylon/lib/promotion.rb": [
        1,
        null,
        1,
        null,
        1,
        null,
        4,
        4,
        4,
        4,
        null,
        null
      ]
    },
    "timestamp": 1468924514
  }
}
