{
  "RSpec": {
    "coverage": {
      "/Users/emilio/Desktop/checkout/spec/checkout_spec.rb": [
        1,
        1,
        12,
        null,
        12,
        null,
        null,
        null,
        null,
        null,
        null,
        null,
        null,
        10,
        10,
        3,
        null,
        null,
        1,
        1,
        1,
        null,
        null,
        1,
        1,
        null,
        null,
        null,
        1,
        1,
        1,
        1,
        1,
        null,
        null,
        null,
        1,
        1,
        1,
        1,
        1,
        null,
        null,
        null,
        1,
        1,
        1,
        3,
        1,
        1,
        4,
        null,
        null,
        null,
        1,
        1,
        1,
        1,
        4,
        null,
        null,
        null,
        null,
        1,
        1,
        1,
        1,
        1,
        1,
        1,
        null,
        null,
        null,
        1,
        1,
        1,
        1,
        1,
        null,
        null,
        null,
        null,
        1,
        1,
        3,
        null,
        1,
        1,
        1,
        null,
        null,
        null,
        1,
        1,
        2,
        2,
        null,
        1,
        1,
        1,
        1,
        null,
        null,
        null,
        1,
        1,
        1,
        null,
        null,
        null,
        null
      ],
      "/Users/emilio/Desktop/checkout/lib/checkout.rb": [
        1,
        null,
        1,
        null,
        1,
        11,
        11,
        null,
        null,
        1,
        22,
        null,
        null,
        1,
        3,
        null,
        null,
        1,
        17,
        17,
        17,
        45,
        6,
        null,
        null,
        17,
        null,
        null,
        1,
        6,
        null,
        null,
        null,
        1,
        14,
        51,
        null,
        null,
        1,
        2,
        2,
        null,
        null,
        1,
        null,
        1,
        20,
        74,
        20,
        null,
        null,
        1,
        6,
        null,
        null
      ],
      "/Users/emilio/Desktop/checkout/spec/promotion_spec.rb": [
        1,
        null,
        1,
        5,
        null,
        1,
        null,
        null,
        null,
        null,
        null,
        null,
        null,
        null,
        4,
        null,
        1,
        1,
        1,
        null,
        null,
        1,
        1,
        null,
        null,
        1,
        1,
        null,
        null,
        1,
        1,
        null,
        null,
        null
      ],
      "/Users/emilio/Desktop/checkout/lib/promotion.rb": [
        1,
        null,
        1,
        null,
        1,
        4,
        null,
        null,
        null,
        null,
        null,
        null,
        null,
        null,
        null,
        4,
        4,
        4,
        4,
        null,
        null
      ]
    },
    "timestamp": 1468930051
  }
}
